mode: set
github.com/haapjari/caliber/internal/pkg/config/config.go:20.29,22.16 2 0
github.com/haapjari/caliber/internal/pkg/config/config.go:22.16,24.3 1 0
github.com/haapjari/caliber/internal/pkg/config/config.go:26.2,29.8 1 0
github.com/haapjari/caliber/internal/pkg/config/config.go:36.35,39.16 3 1
github.com/haapjari/caliber/internal/pkg/config/config.go:39.16,41.3 1 0
github.com/haapjari/caliber/internal/pkg/config/config.go:43.2,46.16 4 1
github.com/haapjari/caliber/internal/pkg/config/config.go:46.16,48.3 1 0
github.com/haapjari/caliber/internal/pkg/config/config.go:50.2,52.24 2 1
github.com/haapjari/caliber/internal/pkg/log/impl.go:18.18,22.2 1 0
github.com/haapjari/caliber/internal/pkg/log/impl.go:27.38,28.19 1 1
github.com/haapjari/caliber/internal/pkg/log/impl.go:28.19,30.3 1 0
github.com/haapjari/caliber/internal/pkg/log/impl.go:31.2,33.3 1 1
github.com/haapjari/caliber/internal/pkg/log/impl.go:37.44,39.2 1 1
github.com/haapjari/caliber/internal/pkg/log/impl.go:42.65,44.2 1 1
github.com/haapjari/caliber/internal/pkg/log/impl.go:47.43,49.2 1 1
github.com/haapjari/caliber/internal/pkg/log/impl.go:52.64,54.2 1 1
github.com/haapjari/caliber/internal/pkg/log/impl.go:57.44,59.2 1 1
github.com/haapjari/caliber/internal/pkg/log/impl.go:62.65,64.2 1 1
github.com/haapjari/caliber/internal/pkg/log/impl.go:67.44,69.2 1 0
github.com/haapjari/caliber/internal/pkg/log/impl.go:72.65,74.2 1 0
github.com/haapjari/caliber/internal/pkg/log/log.go:17.28,19.2 1 1
github.com/haapjari/caliber/internal/pkg/log/log.go:22.49,24.2 1 1
github.com/haapjari/caliber/internal/pkg/log/log.go:27.27,29.2 1 1
github.com/haapjari/caliber/internal/pkg/log/log.go:32.48,34.2 1 1
github.com/haapjari/caliber/internal/pkg/log/log.go:37.28,39.2 1 1
github.com/haapjari/caliber/internal/pkg/log/log.go:42.49,44.2 1 1
github.com/haapjari/caliber/internal/pkg/log/log.go:47.28,49.2 1 0
github.com/haapjari/caliber/internal/pkg/log/log.go:52.49,54.2 1 0
github.com/haapjari/caliber/internal/pkg/utils/utils.go:12.69,17.2 3 0
github.com/haapjari/caliber/internal/pkg/ui/cli.go:26.43,28.16 2 1
github.com/haapjari/caliber/internal/pkg/ui/cli.go:28.16,30.3 1 0
github.com/haapjari/caliber/internal/pkg/ui/cli.go:32.2,35.8 1 1
github.com/haapjari/caliber/internal/pkg/ui/cli.go:38.14,38.15 0 1
github.com/haapjari/caliber/internal/pkg/ui/cli.go:41.41,53.10 3 1
github.com/haapjari/caliber/internal/pkg/ui/cli.go:53.10,57.3 2 0
github.com/haapjari/caliber/internal/pkg/ui/cli.go:60.2,60.11 1 1
github.com/haapjari/caliber/internal/pkg/ui/cli.go:60.11,66.3 3 0
github.com/haapjari/caliber/internal/pkg/ui/cli.go:69.2,69.14 1 1
github.com/haapjari/caliber/internal/pkg/ui/cli.go:69.14,73.3 2 0
github.com/haapjari/caliber/internal/pkg/ui/cli.go:76.2,76.11 1 1
github.com/haapjari/caliber/internal/pkg/ui/cli.go:76.11,80.3 2 0
github.com/haapjari/caliber/internal/pkg/ui/cli.go:83.2,83.13 1 1
github.com/haapjari/caliber/internal/pkg/ui/cli.go:83.13,87.3 2 0
github.com/haapjari/caliber/internal/pkg/ui/cli.go:89.2,89.35 1 1
github.com/haapjari/caliber/internal/pkg/ui/cli.go:93.52,98.2 3 0
